<?xml version="1.0" encoding="UTF-8"?>
<testng-results skipped="0" failed="0" ignored="0" total="1" passed="1">
  <reporter-output>
  </reporter-output>
  <suite name="Default suite" duration-ms="197969" started-at="2023-03-05T14:33:53 BDT" finished-at="2023-03-05T14:37:11 BDT">
    <groups>
    </groups>
    <test name="Default test" duration-ms="197969" started-at="2023-03-05T14:33:53 BDT" finished-at="2023-03-05T14:37:11 BDT">
      <class name="SQA.AutomationTest">
        <test-method status="PASS" signature="test()[pri:0, instance:SQA.AutomationTest@5fe1ce85]" name="test" duration-ms="197920" started-at="2023-03-05T14:33:53 BDT" finished-at="2023-03-05T14:37:11 BDT">
          <reporter-output>
          </reporter-output>
        </test-method> <!-- test -->
      </class> <!-- SQA.AutomationTest -->
    </test> <!-- Default test -->
  </suite> <!-- Default suite -->
</testng-results>
