<?xml version="1.0" encoding="UTF-8"?>
<testng-results ignored="0" total="2" passed="2" failed="0" skipped="0">
  <reporter-output>
  </reporter-output>
  <suite started-at="2021-07-25T20:18:48 BDT" name="Default suite" finished-at="2021-07-25T20:18:50 BDT" duration-ms="2222">
    <groups>
    </groups>
    <test started-at="2021-07-25T20:18:48 BDT" name="Default test" finished-at="2021-07-25T20:18:50 BDT" duration-ms="2222">
      <class name="sqa.VerifyFooter">
        <test-method is-config="true" signature="initial()[pri:0, instance:sqa.VerifyFooter@4b14c583]" started-at="2021-07-25T20:18:47 BDT" name="initial" finished-at="2021-07-25T20:18:48 BDT" duration-ms="1466" status="PASS">
          <reporter-output>
          </reporter-output>
        </test-method> <!-- initial -->
        <test-method is-config="true" signature="login()[pri:0, instance:sqa.VerifyFooter@4b14c583]" started-at="2021-07-25T20:18:48 BDT" name="login" finished-at="2021-07-25T20:18:50 BDT" duration-ms="2036" status="PASS">
          <reporter-output>
          </reporter-output>
        </test-method> <!-- login -->
        <test-method signature="footerdisplayed()[pri:0, instance:sqa.VerifyFooter@4b14c583]" started-at="2021-07-25T20:18:50 BDT" name="footerdisplayed" finished-at="2021-07-25T20:18:50 BDT" duration-ms="100" status="PASS">
          <reporter-output>
          </reporter-output>
        </test-method> <!-- footerdisplayed -->
        <test-method signature="footerenabled()[pri:0, instance:sqa.VerifyFooter@4b14c583]" started-at="2021-07-25T20:18:50 BDT" name="footerenabled" finished-at="2021-07-25T20:18:50 BDT" duration-ms="55" status="PASS">
          <reporter-output>
          </reporter-output>
        </test-method> <!-- footerenabled -->
      </class> <!-- sqa.VerifyFooter -->
    </test> <!-- Default test -->
  </suite> <!-- Default suite -->
</testng-results>
