<?xml version="1.0" encoding="UTF-8"?>
<!-- Generated by org.testng.reporters.JUnitReportReporter -->
<testsuite hostname="DESKTOP-246T65C" failures="0" tests="2" name="sqa.Test_Super_Admin_Active" time="0.091" errors="0" timestamp="2021-06-08T13:32:53 BDT" skipped="0">
  <testcase classname="sqa.Test_Super_Admin_Active" name="footerdisplayed" time="0.073"/>
  <system-out/>
  <testcase classname="sqa.Test_Super_Admin_Active" name="footerenabled" time="0.018"/>
  <system-out/>
</testsuite> <!-- sqa.Test_Super_Admin_Active -->
